2016/07/26 14:03:01 [error] [php] file_get_contents(upload/time.txt): failed to open stream: No such file or directory (/vagrant/protected/models/Weixin.php:330)
Stack trace:
#0 unknown(0): WeixinController->actionJssdk()
#1 /vagrant/protected/framework/web/actions/CAction.php(108): ReflectionMethod->invokeArgs()
#2 /vagrant/protected/framework/web/actions/CInlineAction.php(47): CInlineAction->runWithParamsInternal()
#3 /vagrant/protected/framework/web/CController.php(308): CInlineAction->runWithParams()
#4 /vagrant/protected/framework/web/CController.php(286): WeixinController->runAction()
#5 /vagrant/protected/framework/web/CController.php(265): WeixinController->runActionWithFilters()
#6 /vagrant/protected/framework/web/CWebApplication.php(282): WeixinController->run()
#7 /vagrant/protected/framework/web/CWebApplication.php(141): CWebApplication->runController()
#8 /vagrant/protected/framework/base/CApplication.php(169): CWebApplication->processRequest()
#9 /vagrant/index.php(19): CWebApplication->run()
REQUEST_URI=/weixin/jssdk?url=http%3A%2F%2F192.168.2.6%3A9108%2Ffasttrack%2Fvideo
in /vagrant/protected/models/Weixin.php (330)
in /vagrant/protected/controllers/WeixinController.php (100)
in /vagrant/index.php (19)
2016/07/26 14:03:01 [error] [exception.CHttpException.404] exception 'CHttpException' with message '无法解析请求 "vstyle/fasttrack/js/maps/swiper.min.js.map"。' in /vagrant/protected/framework/web/CWebApplication.php:286
Stack trace:
#0 /vagrant/protected/framework/web/CWebApplication.php(141): CWebApplication->runController('vstyle/fasttrac...')
#1 /vagrant/protected/framework/base/CApplication.php(169): CWebApplication->processRequest()
#2 /vagrant/index.php(19): CApplication->run()
#3 {main}
REQUEST_URI=/vstyle/fasttrack/js/maps/swiper.min.js.map
---
2016/07/26 14:03:02 [error] [php] file_get_contents(upload/time.txt): failed to open stream: No such file or directory (/vagrant/protected/models/Weixin.php:330)
Stack trace:
#0 unknown(0): WeixinController->actionJssdk()
#1 /vagrant/protected/framework/web/actions/CAction.php(108): ReflectionMethod->invokeArgs()
#2 /vagrant/protected/framework/web/actions/CInlineAction.php(47): CInlineAction->runWithParamsInternal()
#3 /vagrant/protected/framework/web/CController.php(308): CInlineAction->runWithParams()
#4 /vagrant/protected/framework/web/CController.php(286): WeixinController->runAction()
#5 /vagrant/protected/framework/web/CController.php(265): WeixinController->runActionWithFilters()
#6 /vagrant/protected/framework/web/CWebApplication.php(282): WeixinController->run()
#7 /vagrant/protected/framework/web/CWebApplication.php(141): CWebApplication->runController()
#8 /vagrant/protected/framework/base/CApplication.php(169): CWebApplication->processRequest()
#9 /vagrant/index.php(19): CWebApplication->run()
REQUEST_URI=/weixin/jssdk?url=http%3A%2F%2F192.168.2.6%3A9108%2Ffasttrack%2Fvideo
in /vagrant/protected/models/Weixin.php (330)
in /vagrant/protected/controllers/WeixinController.php (100)
in /vagrant/index.php (19)
2016/07/26 14:03:02 [error] [exception.CHttpException.404] exception 'CHttpException' with message '无法解析请求 "vstyle/fasttrack/js/maps/swiper.min.js.map"。' in /vagrant/protected/framework/web/CWebApplication.php:286
Stack trace:
#0 /vagrant/protected/framework/web/CWebApplication.php(141): CWebApplication->runController('vstyle/fasttrac...')
#1 /vagrant/protected/framework/base/CApplication.php(169): CWebApplication->processRequest()
#2 /vagrant/index.php(19): CApplication->run()
#3 {main}
REQUEST_URI=/vstyle/fasttrack/js/maps/swiper.min.js.map
---
2016/07/26 14:03:17 [error] [php] file_get_contents(upload/time.txt): failed to open stream: No such file or directory (/vagrant/protected/models/Weixin.php:330)
Stack trace:
#0 unknown(0): WeixinController->actionJssdk()
#1 /vagrant/protected/framework/web/actions/CAction.php(108): ReflectionMethod->invokeArgs()
#2 /vagrant/protected/framework/web/actions/CInlineAction.php(47): CInlineAction->runWithParamsInternal()
#3 /vagrant/protected/framework/web/CController.php(308): CInlineAction->runWithParams()
#4 /vagrant/protected/framework/web/CController.php(286): WeixinController->runAction()
#5 /vagrant/protected/framework/web/CController.php(265): WeixinController->runActionWithFilters()
#6 /vagrant/protected/framework/web/CWebApplication.php(282): WeixinController->run()
#7 /vagrant/protected/framework/web/CWebApplication.php(141): CWebApplication->runController()
#8 /vagrant/protected/framework/base/CApplication.php(169): CWebApplication->processRequest()
#9 /vagrant/index.php(19): CWebApplication->run()
REQUEST_URI=/weixin/jssdk?url=http%3A%2F%2F192.168.2.6%3A9108%2Ffasttrack%2Fvideo
in /vagrant/protected/models/Weixin.php (330)
in /vagrant/protected/controllers/WeixinController.php (100)
in /vagrant/index.php (19)
2016/07/26 14:03:17 [error] [exception.CHttpException.404] exception 'CHttpException' with message '无法解析请求 "vstyle/fasttrack/js/maps/swiper.min.js.map"。' in /vagrant/protected/framework/web/CWebApplication.php:286
Stack trace:
#0 /vagrant/protected/framework/web/CWebApplication.php(141): CWebApplication->runController('vstyle/fasttrac...')
#1 /vagrant/protected/framework/base/CApplication.php(169): CWebApplication->processRequest()
#2 /vagrant/index.php(19): CApplication->run()
#3 {main}
REQUEST_URI=/vstyle/fasttrack/js/maps/swiper.min.js.map
---
2016/07/26 14:03:18 [error] [php] file_get_contents(upload/time.txt): failed to open stream: No such file or directory (/vagrant/protected/models/Weixin.php:330)
Stack trace:
#0 unknown(0): WeixinController->actionJssdk()
#1 /vagrant/protected/framework/web/actions/CAction.php(108): ReflectionMethod->invokeArgs()
#2 /vagrant/protected/framework/web/actions/CInlineAction.php(47): CInlineAction->runWithParamsInternal()
#3 /vagrant/protected/framework/web/CController.php(308): CInlineAction->runWithParams()
#4 /vagrant/protected/framework/web/CController.php(286): WeixinController->runAction()
#5 /vagrant/protected/framework/web/CController.php(265): WeixinController->runActionWithFilters()
#6 /vagrant/protected/framework/web/CWebApplication.php(282): WeixinController->run()
#7 /vagrant/protected/framework/web/CWebApplication.php(141): CWebApplication->runController()
#8 /vagrant/protected/framework/base/CApplication.php(169): CWebApplication->processRequest()
#9 /vagrant/index.php(19): CWebApplication->run()
REQUEST_URI=/weixin/jssdk?url=http%3A%2F%2F192.168.2.6%3A9108%2Ffasttrack%2Fvideo
in /vagrant/protected/models/Weixin.php (330)
in /vagrant/protected/controllers/WeixinController.php (100)
in /vagrant/index.php (19)
2016/07/26 14:03:18 [error] [exception.CHttpException.404] exception 'CHttpException' with message '无法解析请求 "vstyle/fasttrack/js/maps/swiper.min.js.map"。' in /vagrant/protected/framework/web/CWebApplication.php:286
Stack trace:
#0 /vagrant/protected/framework/web/CWebApplication.php(141): CWebApplication->runController('vstyle/fasttrac...')
#1 /vagrant/protected/framework/base/CApplication.php(169): CWebApplication->processRequest()
#2 /vagrant/index.php(19): CApplication->run()
#3 {main}
REQUEST_URI=/vstyle/fasttrack/js/maps/swiper.min.js.map
---
2016/07/26 14:03:19 [error] [php] file_get_contents(upload/time.txt): failed to open stream: No such file or directory (/vagrant/protected/models/Weixin.php:330)
Stack trace:
#0 unknown(0): WeixinController->actionJssdk()
#1 /vagrant/protected/framework/web/actions/CAction.php(108): ReflectionMethod->invokeArgs()
#2 /vagrant/protected/framework/web/actions/CInlineAction.php(47): CInlineAction->runWithParamsInternal()
#3 /vagrant/protected/framework/web/CController.php(308): CInlineAction->runWithParams()
#4 /vagrant/protected/framework/web/CController.php(286): WeixinController->runAction()
#5 /vagrant/protected/framework/web/CController.php(265): WeixinController->runActionWithFilters()
#6 /vagrant/protected/framework/web/CWebApplication.php(282): WeixinController->run()
#7 /vagrant/protected/framework/web/CWebApplication.php(141): CWebApplication->runController()
#8 /vagrant/protected/framework/base/CApplication.php(169): CWebApplication->processRequest()
#9 /vagrant/index.php(19): CWebApplication->run()
REQUEST_URI=/weixin/jssdk?url=http%3A%2F%2F192.168.2.6%3A9108%2Ffasttrack%2FvideoDetailed
in /vagrant/protected/models/Weixin.php (330)
in /vagrant/protected/controllers/WeixinController.php (100)
in /vagrant/index.php (19)
2016/07/26 14:03:19 [error] [exception.CHttpException.404] exception 'CHttpException' with message '无法解析请求 "vstyle/fasttrack/js/maps/swiper.min.js.map"。' in /vagrant/protected/framework/web/CWebApplication.php:286
Stack trace:
#0 /vagrant/protected/framework/web/CWebApplication.php(141): CWebApplication->runController('vstyle/fasttrac...')
#1 /vagrant/protected/framework/base/CApplication.php(169): CWebApplication->processRequest()
#2 /vagrant/index.php(19): CApplication->run()
#3 {main}
REQUEST_URI=/vstyle/fasttrack/js/maps/swiper.min.js.map
---
2016/07/26 14:03:28 [error] [php] file_get_contents(upload/time.txt): failed to open stream: No such file or directory (/vagrant/protected/models/Weixin.php:330)
Stack trace:
#0 unknown(0): WeixinController->actionJssdk()
#1 /vagrant/protected/framework/web/actions/CAction.php(108): ReflectionMethod->invokeArgs()
#2 /vagrant/protected/framework/web/actions/CInlineAction.php(47): CInlineAction->runWithParamsInternal()
#3 /vagrant/protected/framework/web/CController.php(308): CInlineAction->runWithParams()
#4 /vagrant/protected/framework/web/CController.php(286): WeixinController->runAction()
#5 /vagrant/protected/framework/web/CController.php(265): WeixinController->runActionWithFilters()
#6 /vagrant/protected/framework/web/CWebApplication.php(282): WeixinController->run()
#7 /vagrant/protected/framework/web/CWebApplication.php(141): CWebApplication->runController()
#8 /vagrant/protected/framework/base/CApplication.php(169): CWebApplication->processRequest()
#9 /vagrant/index.php(19): CWebApplication->run()
REQUEST_URI=/weixin/jssdk?url=http%3A%2F%2F192.168.2.6%3A9108%2Ffasttrack%2FvideoDetailed
in /vagrant/protected/models/Weixin.php (330)
in /vagrant/protected/controllers/WeixinController.php (100)
in /vagrant/index.php (19)
2016/07/26 14:03:28 [error] [exception.CHttpException.404] exception 'CHttpException' with message '无法解析请求 "vstyle/fasttrack/js/maps/swiper.min.js.map"。' in /vagrant/protected/framework/web/CWebApplication.php:286
Stack trace:
#0 /vagrant/protected/framework/web/CWebApplication.php(141): CWebApplication->runController('vstyle/fasttrac...')
#1 /vagrant/protected/framework/base/CApplication.php(169): CWebApplication->processRequest()
#2 /vagrant/index.php(19): CApplication->run()
#3 {main}
REQUEST_URI=/vstyle/fasttrack/js/maps/swiper.min.js.map
---
2016/07/26 14:03:33 [error] [php] file_get_contents(upload/time.txt): failed to open stream: No such file or directory (/vagrant/protected/models/Weixin.php:330)
Stack trace:
#0 unknown(0): WeixinController->actionJssdk()
#1 /vagrant/protected/framework/web/actions/CAction.php(108): ReflectionMethod->invokeArgs()
#2 /vagrant/protected/framework/web/actions/CInlineAction.php(47): CInlineAction->runWithParamsInternal()
#3 /vagrant/protected/framework/web/CController.php(308): CInlineAction->runWithParams()
#4 /vagrant/protected/framework/web/CController.php(286): WeixinController->runAction()
#5 /vagrant/protected/framework/web/CController.php(265): WeixinController->runActionWithFilters()
#6 /vagrant/protected/framework/web/CWebApplication.php(282): WeixinController->run()
#7 /vagrant/protected/framework/web/CWebApplication.php(141): CWebApplication->runController()
#8 /vagrant/protected/framework/base/CApplication.php(169): CWebApplication->processRequest()
#9 /vagrant/index.php(19): CWebApplication->run()
REQUEST_URI=/weixin/jssdk?url=http%3A%2F%2F192.168.2.6%3A9108%2Ffasttrack%2FvideoDetailed
in /vagrant/protected/models/Weixin.php (330)
in /vagrant/protected/controllers/WeixinController.php (100)
in /vagrant/index.php (19)
2016/07/26 14:03:33 [error] [exception.CHttpException.404] exception 'CHttpException' with message '无法解析请求 "vstyle/fasttrack/js/maps/swiper.min.js.map"。' in /vagrant/protected/framework/web/CWebApplication.php:286
Stack trace:
#0 /vagrant/protected/framework/web/CWebApplication.php(141): CWebApplication->runController('vstyle/fasttrac...')
#1 /vagrant/protected/framework/base/CApplication.php(169): CWebApplication->processRequest()
#2 /vagrant/index.php(19): CApplication->run()
#3 {main}
REQUEST_URI=/vstyle/fasttrack/js/maps/swiper.min.js.map
---
2016/07/26 14:03:46 [error] [php] file_get_contents(upload/time.txt): failed to open stream: No such file or directory (/vagrant/protected/models/Weixin.php:330)
Stack trace:
#0 unknown(0): WeixinController->actionJssdk()
#1 /vagrant/protected/framework/web/actions/CAction.php(108): ReflectionMethod->invokeArgs()
#2 /vagrant/protected/framework/web/actions/CInlineAction.php(47): CInlineAction->runWithParamsInternal()
#3 /vagrant/protected/framework/web/CController.php(308): CInlineAction->runWithParams()
#4 /vagrant/protected/framework/web/CController.php(286): WeixinController->runAction()
#5 /vagrant/protected/framework/web/CController.php(265): WeixinController->runActionWithFilters()
#6 /vagrant/protected/framework/web/CWebApplication.php(282): WeixinController->run()
#7 /vagrant/protected/framework/web/CWebApplication.php(141): CWebApplication->runController()
#8 /vagrant/protected/framework/base/CApplication.php(169): CWebApplication->processRequest()
#9 /vagrant/index.php(19): CWebApplication->run()
REQUEST_URI=/weixin/jssdk?url=http%3A%2F%2F192.168.2.6%3A9108%2Ffasttrack
in /vagrant/protected/models/Weixin.php (330)
in /vagrant/protected/controllers/WeixinController.php (100)
in /vagrant/index.php (19)
2016/07/26 14:03:46 [error] [exception.CHttpException.404] exception 'CHttpException' with message '无法解析请求 "vstyle/fasttrack/js/maps/swiper.min.js.map"。' in /vagrant/protected/framework/web/CWebApplication.php:286
Stack trace:
#0 /vagrant/protected/framework/web/CWebApplication.php(141): CWebApplication->runController('vstyle/fasttrac...')
#1 /vagrant/protected/framework/base/CApplication.php(169): CWebApplication->processRequest()
#2 /vagrant/index.php(19): CApplication->run()
#3 {main}
REQUEST_URI=/vstyle/fasttrack/js/maps/swiper.min.js.map
---
2016/07/26 14:03:47 [error] [php] file_get_contents(upload/time.txt): failed to open stream: No such file or directory (/vagrant/protected/models/Weixin.php:330)
Stack trace:
#0 unknown(0): WeixinController->actionJssdk()
#1 /vagrant/protected/framework/web/actions/CAction.php(108): ReflectionMethod->invokeArgs()
#2 /vagrant/protected/framework/web/actions/CInlineAction.php(47): CInlineAction->runWithParamsInternal()
#3 /vagrant/protected/framework/web/CController.php(308): CInlineAction->runWithParams()
#4 /vagrant/protected/framework/web/CController.php(286): WeixinController->runAction()
#5 /vagrant/protected/framework/web/CController.php(265): WeixinController->runActionWithFilters()
#6 /vagrant/protected/framework/web/CWebApplication.php(282): WeixinController->run()
#7 /vagrant/protected/framework/web/CWebApplication.php(141): CWebApplication->runController()
#8 /vagrant/protected/framework/base/CApplication.php(169): CWebApplication->processRequest()
#9 /vagrant/index.php(19): CWebApplication->run()
REQUEST_URI=/weixin/jssdk?url=http%3A%2F%2F192.168.2.6%3A9108%2Ffasttrack%2Fkol
in /vagrant/protected/models/Weixin.php (330)
in /vagrant/protected/controllers/WeixinController.php (100)
in /vagrant/index.php (19)
2016/07/26 14:03:49 [error] [php] file_get_contents(upload/time.txt): failed to open stream: No such file or directory (/vagrant/protected/models/Weixin.php:330)
Stack trace:
#0 unknown(0): WeixinController->actionJssdk()
#1 /vagrant/protected/framework/web/actions/CAction.php(108): ReflectionMethod->invokeArgs()
#2 /vagrant/protected/framework/web/actions/CInlineAction.php(47): CInlineAction->runWithParamsInternal()
#3 /vagrant/protected/framework/web/CController.php(308): CInlineAction->runWithParams()
#4 /vagrant/protected/framework/web/CController.php(286): WeixinController->runAction()
#5 /vagrant/protected/framework/web/CController.php(265): WeixinController->runActionWithFilters()
#6 /vagrant/protected/framework/web/CWebApplication.php(282): WeixinController->run()
#7 /vagrant/protected/framework/web/CWebApplication.php(141): CWebApplication->runController()
#8 /vagrant/protected/framework/base/CApplication.php(169): CWebApplication->processRequest()
#9 /vagrant/index.php(19): CWebApplication->run()
REQUEST_URI=/weixin/jssdk?url=http%3A%2F%2F192.168.2.6%3A9108%2Ffasttrack%2Fvideo
in /vagrant/protected/models/Weixin.php (330)
in /vagrant/protected/controllers/WeixinController.php (100)
in /vagrant/index.php (19)
2016/07/26 14:03:49 [error] [exception.CHttpException.404] exception 'CHttpException' with message '无法解析请求 "vstyle/fasttrack/js/maps/swiper.min.js.map"。' in /vagrant/protected/framework/web/CWebApplication.php:286
Stack trace:
#0 /vagrant/protected/framework/web/CWebApplication.php(141): CWebApplication->runController('vstyle/fasttrac...')
#1 /vagrant/protected/framework/base/CApplication.php(169): CWebApplication->processRequest()
#2 /vagrant/index.php(19): CApplication->run()
#3 {main}
REQUEST_URI=/vstyle/fasttrack/js/maps/swiper.min.js.map
---
2016/07/26 14:04:00 [error] [php] file_get_contents(upload/time.txt): failed to open stream: No such file or directory (/vagrant/protected/models/Weixin.php:330)
Stack trace:
#0 unknown(0): WeixinController->actionJssdk()
#1 /vagrant/protected/framework/web/actions/CAction.php(108): ReflectionMethod->invokeArgs()
#2 /vagrant/protected/framework/web/actions/CInlineAction.php(47): CInlineAction->runWithParamsInternal()
#3 /vagrant/protected/framework/web/CController.php(308): CInlineAction->runWithParams()
#4 /vagrant/protected/framework/web/CController.php(286): WeixinController->runAction()
#5 /vagrant/protected/framework/web/CController.php(265): WeixinController->runActionWithFilters()
#6 /vagrant/protected/framework/web/CWebApplication.php(282): WeixinController->run()
#7 /vagrant/protected/framework/web/CWebApplication.php(141): CWebApplication->runController()
#8 /vagrant/protected/framework/base/CApplication.php(169): CWebApplication->processRequest()
#9 /vagrant/index.php(19): CWebApplication->run()
REQUEST_URI=/weixin/jssdk?url=http%3A%2F%2F192.168.2.6%3A9108%2Ffasttrack%2FvideoDetailed
in /vagrant/protected/models/Weixin.php (330)
in /vagrant/protected/controllers/WeixinController.php (100)
in /vagrant/index.php (19)
2016/07/26 14:04:00 [error] [exception.CHttpException.404] exception 'CHttpException' with message '无法解析请求 "vstyle/fasttrack/js/maps/swiper.min.js.map"。' in /vagrant/protected/framework/web/CWebApplication.php:286
Stack trace:
#0 /vagrant/protected/framework/web/CWebApplication.php(141): CWebApplication->runController('vstyle/fasttrac...')
#1 /vagrant/protected/framework/base/CApplication.php(169): CWebApplication->processRequest()
#2 /vagrant/index.php(19): CApplication->run()
#3 {main}
REQUEST_URI=/vstyle/fasttrack/js/maps/swiper.min.js.map
---
2016/07/26 16:40:12 [error] [php] file_get_contents(upload/time.txt): failed to open stream: No such file or directory (/vagrant/protected/models/Weixin.php:330)
Stack trace:
#0 unknown(0): WeixinController->actionJssdk()
#1 /vagrant/protected/framework/web/actions/CAction.php(108): ReflectionMethod->invokeArgs()
#2 /vagrant/protected/framework/web/actions/CInlineAction.php(47): CInlineAction->runWithParamsInternal()
#3 /vagrant/protected/framework/web/CController.php(308): CInlineAction->runWithParams()
#4 /vagrant/protected/framework/web/CController.php(286): WeixinController->runAction()
#5 /vagrant/protected/framework/web/CController.php(265): WeixinController->runActionWithFilters()
#6 /vagrant/protected/framework/web/CWebApplication.php(282): WeixinController->run()
#7 /vagrant/protected/framework/web/CWebApplication.php(141): CWebApplication->runController()
#8 /vagrant/protected/framework/base/CApplication.php(169): CWebApplication->processRequest()
#9 /vagrant/index.php(19): CWebApplication->run()
REQUEST_URI=/weixin/jssdk?url=http%3A%2F%2F192.168.2.6%3A9108%2Ffasttrack%2Flist
in /vagrant/protected/models/Weixin.php (330)
in /vagrant/protected/controllers/WeixinController.php (100)
in /vagrant/index.php (19)
2016/07/26 16:40:12 [error] [exception.CHttpException.404] exception 'CHttpException' with message '无法解析请求 "favicon.ico"。' in /vagrant/protected/framework/web/CWebApplication.php:286
Stack trace:
#0 /vagrant/protected/framework/web/CWebApplication.php(141): CWebApplication->runController('favicon.ico')
#1 /vagrant/protected/framework/base/CApplication.php(169): CWebApplication->processRequest()
#2 /vagrant/index.php(19): CApplication->run()
#3 {main}
REQUEST_URI=/favicon.ico
HTTP_REFERER=http://192.168.2.6:9108/fasttrack/list
---
2016/07/26 17:14:43 [error] [php] file_get_contents(upload/time.txt): failed to open stream: No such file or directory (/vagrant/protected/models/Weixin.php:330)
Stack trace:
#0 unknown(0): WeixinController->actionJssdk()
#1 /vagrant/protected/framework/web/actions/CAction.php(108): ReflectionMethod->invokeArgs()
#2 /vagrant/protected/framework/web/actions/CInlineAction.php(47): CInlineAction->runWithParamsInternal()
#3 /vagrant/protected/framework/web/CController.php(308): CInlineAction->runWithParams()
#4 /vagrant/protected/framework/web/CController.php(286): WeixinController->runAction()
#5 /vagrant/protected/framework/web/CController.php(265): WeixinController->runActionWithFilters()
#6 /vagrant/protected/framework/web/CWebApplication.php(282): WeixinController->run()
#7 /vagrant/protected/framework/web/CWebApplication.php(141): CWebApplication->runController()
#8 /vagrant/protected/framework/base/CApplication.php(169): CWebApplication->processRequest()
#9 /vagrant/index.php(19): CWebApplication->run()
REQUEST_URI=/weixin/jssdk?url=http%3A%2F%2F192.168.2.6%3A9108%2Ffasttrack%2Flist
in /vagrant/protected/models/Weixin.php (330)
in /vagrant/protected/controllers/WeixinController.php (100)
in /vagrant/index.php (19)
2016/07/26 17:14:47 [error] [php] file_get_contents(upload/time.txt): failed to open stream: No such file or directory (/vagrant/protected/models/Weixin.php:330)
Stack trace:
#0 unknown(0): WeixinController->actionJssdk()
#1 /vagrant/protected/framework/web/actions/CAction.php(108): ReflectionMethod->invokeArgs()
#2 /vagrant/protected/framework/web/actions/CInlineAction.php(47): CInlineAction->runWithParamsInternal()
#3 /vagrant/protected/framework/web/CController.php(308): CInlineAction->runWithParams()
#4 /vagrant/protected/framework/web/CController.php(286): WeixinController->runAction()
#5 /vagrant/protected/framework/web/CController.php(265): WeixinController->runActionWithFilters()
#6 /vagrant/protected/framework/web/CWebApplication.php(282): WeixinController->run()
#7 /vagrant/protected/framework/web/CWebApplication.php(141): CWebApplication->runController()
#8 /vagrant/protected/framework/base/CApplication.php(169): CWebApplication->processRequest()
#9 /vagrant/index.php(19): CWebApplication->run()
REQUEST_URI=/weixin/jssdk?url=http%3A%2F%2F192.168.2.6%3A9108%2Ffasttrack%2Flist
in /vagrant/protected/models/Weixin.php (330)
in /vagrant/protected/controllers/WeixinController.php (100)
in /vagrant/index.php (19)
2016/07/26 17:14:54 [error] [php] file_get_contents(upload/time.txt): failed to open stream: No such file or directory (/vagrant/protected/models/Weixin.php:330)
Stack trace:
#0 unknown(0): WeixinController->actionJssdk()
#1 /vagrant/protected/framework/web/actions/CAction.php(108): ReflectionMethod->invokeArgs()
#2 /vagrant/protected/framework/web/actions/CInlineAction.php(47): CInlineAction->runWithParamsInternal()
#3 /vagrant/protected/framework/web/CController.php(308): CInlineAction->runWithParams()
#4 /vagrant/protected/framework/web/CController.php(286): WeixinController->runAction()
#5 /vagrant/protected/framework/web/CController.php(265): WeixinController->runActionWithFilters()
#6 /vagrant/protected/framework/web/CWebApplication.php(282): WeixinController->run()
#7 /vagrant/protected/framework/web/CWebApplication.php(141): CWebApplication->runController()
#8 /vagrant/protected/framework/base/CApplication.php(169): CWebApplication->processRequest()
#9 /vagrant/index.php(19): CWebApplication->run()
REQUEST_URI=/weixin/jssdk?url=http%3A%2F%2F192.168.2.6%3A9108%2Ffasttrack
in /vagrant/protected/models/Weixin.php (330)
in /vagrant/protected/controllers/WeixinController.php (100)
in /vagrant/index.php (19)
2016/07/26 17:14:54 [error] [exception.CHttpException.404] exception 'CHttpException' with message '无法解析请求 "vstyle/fasttrack/js/maps/swiper.min.js.map"。' in /vagrant/protected/framework/web/CWebApplication.php:286
Stack trace:
#0 /vagrant/protected/framework/web/CWebApplication.php(141): CWebApplication->runController('vstyle/fasttrac...')
#1 /vagrant/protected/framework/base/CApplication.php(169): CWebApplication->processRequest()
#2 /vagrant/index.php(19): CApplication->run()
#3 {main}
REQUEST_URI=/vstyle/fasttrack/js/maps/swiper.min.js.map
---
2016/07/26 17:14:55 [error] [php] file_get_contents(upload/time.txt): failed to open stream: No such file or directory (/vagrant/protected/models/Weixin.php:330)
Stack trace:
#0 unknown(0): WeixinController->actionJssdk()
#1 /vagrant/protected/framework/web/actions/CAction.php(108): ReflectionMethod->invokeArgs()
#2 /vagrant/protected/framework/web/actions/CInlineAction.php(47): CInlineAction->runWithParamsInternal()
#3 /vagrant/protected/framework/web/CController.php(308): CInlineAction->runWithParams()
#4 /vagrant/protected/framework/web/CController.php(286): WeixinController->runAction()
#5 /vagrant/protected/framework/web/CController.php(265): WeixinController->runActionWithFilters()
#6 /vagrant/protected/framework/web/CWebApplication.php(282): WeixinController->run()
#7 /vagrant/protected/framework/web/CWebApplication.php(141): CWebApplication->runController()
#8 /vagrant/protected/framework/base/CApplication.php(169): CWebApplication->processRequest()
#9 /vagrant/index.php(19): CWebApplication->run()
REQUEST_URI=/weixin/jssdk?url=http%3A%2F%2F192.168.2.6%3A9108%2Ffasttrack%2Fvote
in /vagrant/protected/models/Weixin.php (330)
in /vagrant/protected/controllers/WeixinController.php (100)
in /vagrant/index.php (19)
2016/07/26 17:14:55 [error] [exception.CHttpException.404] exception 'CHttpException' with message '无法解析请求 "vstyle/fasttrack/js/maps/swiper.min.js.map"。' in /vagrant/protected/framework/web/CWebApplication.php:286
Stack trace:
#0 /vagrant/protected/framework/web/CWebApplication.php(141): CWebApplication->runController('vstyle/fasttrac...')
#1 /vagrant/protected/framework/base/CApplication.php(169): CWebApplication->processRequest()
#2 /vagrant/index.php(19): CApplication->run()
#3 {main}
REQUEST_URI=/vstyle/fasttrack/js/maps/swiper.min.js.map
---
2016/07/26 17:16:28 [error] [php] file_get_contents(upload/time.txt): failed to open stream: No such file or directory (/vagrant/protected/models/Weixin.php:330)
Stack trace:
#0 unknown(0): WeixinController->actionJssdk()
#1 /vagrant/protected/framework/web/actions/CAction.php(108): ReflectionMethod->invokeArgs()
#2 /vagrant/protected/framework/web/actions/CInlineAction.php(47): CInlineAction->runWithParamsInternal()
#3 /vagrant/protected/framework/web/CController.php(308): CInlineAction->runWithParams()
#4 /vagrant/protected/framework/web/CController.php(286): WeixinController->runAction()
#5 /vagrant/protected/framework/web/CController.php(265): WeixinController->runActionWithFilters()
#6 /vagrant/protected/framework/web/CWebApplication.php(282): WeixinController->run()
#7 /vagrant/protected/framework/web/CWebApplication.php(141): CWebApplication->runController()
#8 /vagrant/protected/framework/base/CApplication.php(169): CWebApplication->processRequest()
#9 /vagrant/index.php(19): CWebApplication->run()
REQUEST_URI=/weixin/jssdk?url=http%3A%2F%2F192.168.2.6%3A9108%2Ffasttrack%2Fvote
in /vagrant/protected/models/Weixin.php (330)
in /vagrant/protected/controllers/WeixinController.php (100)
in /vagrant/index.php (19)
2016/07/26 17:16:28 [error] [exception.CHttpException.404] exception 'CHttpException' with message '无法解析请求 "vstyle/fasttrack/js/maps/swiper.min.js.map"。' in /vagrant/protected/framework/web/CWebApplication.php:286
Stack trace:
#0 /vagrant/protected/framework/web/CWebApplication.php(141): CWebApplication->runController('vstyle/fasttrac...')
#1 /vagrant/protected/framework/base/CApplication.php(169): CWebApplication->processRequest()
#2 /vagrant/index.php(19): CApplication->run()
#3 {main}
REQUEST_URI=/vstyle/fasttrack/js/maps/swiper.min.js.map
---
2016/07/26 17:16:40 [error] [php] file_get_contents(upload/time.txt): failed to open stream: No such file or directory (/vagrant/protected/models/Weixin.php:330)
Stack trace:
#0 unknown(0): WeixinController->actionJssdk()
#1 /vagrant/protected/framework/web/actions/CAction.php(108): ReflectionMethod->invokeArgs()
#2 /vagrant/protected/framework/web/actions/CInlineAction.php(47): CInlineAction->runWithParamsInternal()
#3 /vagrant/protected/framework/web/CController.php(308): CInlineAction->runWithParams()
#4 /vagrant/protected/framework/web/CController.php(286): WeixinController->runAction()
#5 /vagrant/protected/framework/web/CController.php(265): WeixinController->runActionWithFilters()
#6 /vagrant/protected/framework/web/CWebApplication.php(282): WeixinController->run()
#7 /vagrant/protected/framework/web/CWebApplication.php(141): CWebApplication->runController()
#8 /vagrant/protected/framework/base/CApplication.php(169): CWebApplication->processRequest()
#9 /vagrant/index.php(19): CWebApplication->run()
REQUEST_URI=/weixin/jssdk?url=http%3A%2F%2F192.168.2.6%3A9108%2Ffasttrack%2Fvote
in /vagrant/protected/models/Weixin.php (330)
in /vagrant/protected/controllers/WeixinController.php (100)
in /vagrant/index.php (19)
2016/07/26 17:16:40 [error] [exception.CHttpException.404] exception 'CHttpException' with message '无法解析请求 "vstyle/fasttrack/js/maps/swiper.min.js.map"。' in /vagrant/protected/framework/web/CWebApplication.php:286
Stack trace:
#0 /vagrant/protected/framework/web/CWebApplication.php(141): CWebApplication->runController('vstyle/fasttrac...')
#1 /vagrant/protected/framework/base/CApplication.php(169): CWebApplication->processRequest()
#2 /vagrant/index.php(19): CApplication->run()
#3 {main}
REQUEST_URI=/vstyle/fasttrack/js/maps/swiper.min.js.map
---
2016/07/26 17:23:27 [error] [php] file_get_contents(upload/time.txt): failed to open stream: No such file or directory (/vagrant/protected/models/Weixin.php:330)
Stack trace:
#0 unknown(0): WeixinController->actionJssdk()
#1 /vagrant/protected/framework/web/actions/CAction.php(108): ReflectionMethod->invokeArgs()
#2 /vagrant/protected/framework/web/actions/CInlineAction.php(47): CInlineAction->runWithParamsInternal()
#3 /vagrant/protected/framework/web/CController.php(308): CInlineAction->runWithParams()
#4 /vagrant/protected/framework/web/CController.php(286): WeixinController->runAction()
#5 /vagrant/protected/framework/web/CController.php(265): WeixinController->runActionWithFilters()
#6 /vagrant/protected/framework/web/CWebApplication.php(282): WeixinController->run()
#7 /vagrant/protected/framework/web/CWebApplication.php(141): CWebApplication->runController()
#8 /vagrant/protected/framework/base/CApplication.php(169): CWebApplication->processRequest()
#9 /vagrant/index.php(19): CWebApplication->run()
REQUEST_URI=/weixin/jssdk?url=http%3A%2F%2F192.168.2.6%3A9108%2Ffasttrack%2Fvote
in /vagrant/protected/models/Weixin.php (330)
in /vagrant/protected/controllers/WeixinController.php (100)
in /vagrant/index.php (19)
2016/07/26 17:23:28 [error] [exception.CHttpException.404] exception 'CHttpException' with message '无法解析请求 "vstyle/fasttrack/js/maps/swiper.min.js.map"。' in /vagrant/protected/framework/web/CWebApplication.php:286
Stack trace:
#0 /vagrant/protected/framework/web/CWebApplication.php(141): CWebApplication->runController('vstyle/fasttrac...')
#1 /vagrant/protected/framework/base/CApplication.php(169): CWebApplication->processRequest()
#2 /vagrant/index.php(19): CApplication->run()
#3 {main}
REQUEST_URI=/vstyle/fasttrack/js/maps/swiper.min.js.map
---
2016/07/26 17:24:55 [error] [php] file_get_contents(upload/time.txt): failed to open stream: No such file or directory (/vagrant/protected/models/Weixin.php:330)
Stack trace:
#0 unknown(0): WeixinController->actionJssdk()
#1 /vagrant/protected/framework/web/actions/CAction.php(108): ReflectionMethod->invokeArgs()
#2 /vagrant/protected/framework/web/actions/CInlineAction.php(47): CInlineAction->runWithParamsInternal()
#3 /vagrant/protected/framework/web/CController.php(308): CInlineAction->runWithParams()
#4 /vagrant/protected/framework/web/CController.php(286): WeixinController->runAction()
#5 /vagrant/protected/framework/web/CController.php(265): WeixinController->runActionWithFilters()
#6 /vagrant/protected/framework/web/CWebApplication.php(282): WeixinController->run()
#7 /vagrant/protected/framework/web/CWebApplication.php(141): CWebApplication->runController()
#8 /vagrant/protected/framework/base/CApplication.php(169): CWebApplication->processRequest()
#9 /vagrant/index.php(19): CWebApplication->run()
REQUEST_URI=/weixin/jssdk?url=http%3A%2F%2F192.168.2.6%3A9108%2Ffasttrack%2Fvote
in /vagrant/protected/models/Weixin.php (330)
in /vagrant/protected/controllers/WeixinController.php (100)
in /vagrant/index.php (19)
2016/07/26 17:24:55 [error] [exception.CHttpException.404] exception 'CHttpException' with message '无法解析请求 "vstyle/fasttrack/js/maps/swiper.min.js.map"。' in /vagrant/protected/framework/web/CWebApplication.php:286
Stack trace:
#0 /vagrant/protected/framework/web/CWebApplication.php(141): CWebApplication->runController('vstyle/fasttrac...')
#1 /vagrant/protected/framework/base/CApplication.php(169): CWebApplication->processRequest()
#2 /vagrant/index.php(19): CApplication->run()
#3 {main}
REQUEST_URI=/vstyle/fasttrack/js/maps/swiper.min.js.map
---
2016/07/26 17:24:56 [error] [php] file_get_contents(upload/time.txt): failed to open stream: No such file or directory (/vagrant/protected/models/Weixin.php:330)
Stack trace:
#0 unknown(0): WeixinController->actionJssdk()
#1 /vagrant/protected/framework/web/actions/CAction.php(108): ReflectionMethod->invokeArgs()
#2 /vagrant/protected/framework/web/actions/CInlineAction.php(47): CInlineAction->runWithParamsInternal()
#3 /vagrant/protected/framework/web/CController.php(308): CInlineAction->runWithParams()
#4 /vagrant/protected/framework/web/CController.php(286): WeixinController->runAction()
#5 /vagrant/protected/framework/web/CController.php(265): WeixinController->runActionWithFilters()
#6 /vagrant/protected/framework/web/CWebApplication.php(282): WeixinController->run()
#7 /vagrant/protected/framework/web/CWebApplication.php(141): CWebApplication->runController()
#8 /vagrant/protected/framework/base/CApplication.php(169): CWebApplication->processRequest()
#9 /vagrant/index.php(19): CWebApplication->run()
REQUEST_URI=/weixin/jssdk?url=http%3A%2F%2F192.168.2.6%3A9108%2Ffasttrack%2Fvote
in /vagrant/protected/models/Weixin.php (330)
in /vagrant/protected/controllers/WeixinController.php (100)
in /vagrant/index.php (19)
2016/07/26 17:24:56 [error] [exception.CHttpException.404] exception 'CHttpException' with message '无法解析请求 "vstyle/fasttrack/js/maps/swiper.min.js.map"。' in /vagrant/protected/framework/web/CWebApplication.php:286
Stack trace:
#0 /vagrant/protected/framework/web/CWebApplication.php(141): CWebApplication->runController('vstyle/fasttrac...')
#1 /vagrant/protected/framework/base/CApplication.php(169): CWebApplication->processRequest()
#2 /vagrant/index.php(19): CApplication->run()
#3 {main}
REQUEST_URI=/vstyle/fasttrack/js/maps/swiper.min.js.map
---
2016/07/26 17:43:32 [error] [php] file_get_contents(upload/time.txt): failed to open stream: No such file or directory (/vagrant/protected/models/Weixin.php:330)
Stack trace:
#0 unknown(0): WeixinController->actionJssdk()
#1 /vagrant/protected/framework/web/actions/CAction.php(108): ReflectionMethod->invokeArgs()
#2 /vagrant/protected/framework/web/actions/CInlineAction.php(47): CInlineAction->runWithParamsInternal()
#3 /vagrant/protected/framework/web/CController.php(308): CInlineAction->runWithParams()
#4 /vagrant/protected/framework/web/CController.php(286): WeixinController->runAction()
#5 /vagrant/protected/framework/web/CController.php(265): WeixinController->runActionWithFilters()
#6 /vagrant/protected/framework/web/CWebApplication.php(282): WeixinController->run()
#7 /vagrant/protected/framework/web/CWebApplication.php(141): CWebApplication->runController()
#8 /vagrant/protected/framework/base/CApplication.php(169): CWebApplication->processRequest()
#9 /vagrant/index.php(19): CWebApplication->run()
REQUEST_URI=/weixin/jssdk?url=http%3A%2F%2F192.168.2.6%3A9108%2Ffasttrack%2Fvote
in /vagrant/protected/models/Weixin.php (330)
in /vagrant/protected/controllers/WeixinController.php (100)
in /vagrant/index.php (19)
2016/07/26 17:43:32 [error] [exception.CHttpException.404] exception 'CHttpException' with message '无法解析请求 "vstyle/fasttrack/js/maps/swiper.min.js.map"。' in /vagrant/protected/framework/web/CWebApplication.php:286
Stack trace:
#0 /vagrant/protected/framework/web/CWebApplication.php(141): CWebApplication->runController('vstyle/fasttrac...')
#1 /vagrant/protected/framework/base/CApplication.php(169): CWebApplication->processRequest()
#2 /vagrant/index.php(19): CApplication->run()
#3 {main}
REQUEST_URI=/vstyle/fasttrack/js/maps/swiper.min.js.map
---
2016/07/26 17:43:34 [error] [php] file_get_contents(upload/time.txt): failed to open stream: No such file or directory (/vagrant/protected/models/Weixin.php:330)
Stack trace:
#0 unknown(0): WeixinController->actionJssdk()
#1 /vagrant/protected/framework/web/actions/CAction.php(108): ReflectionMethod->invokeArgs()
#2 /vagrant/protected/framework/web/actions/CInlineAction.php(47): CInlineAction->runWithParamsInternal()
#3 /vagrant/protected/framework/web/CController.php(308): CInlineAction->runWithParams()
#4 /vagrant/protected/framework/web/CController.php(286): WeixinController->runAction()
#5 /vagrant/protected/framework/web/CController.php(265): WeixinController->runActionWithFilters()
#6 /vagrant/protected/framework/web/CWebApplication.php(282): WeixinController->run()
#7 /vagrant/protected/framework/web/CWebApplication.php(141): CWebApplication->runController()
#8 /vagrant/protected/framework/base/CApplication.php(169): CWebApplication->processRequest()
#9 /vagrant/index.php(19): CWebApplication->run()
REQUEST_URI=/weixin/jssdk?url=http%3A%2F%2F192.168.2.6%3A9108%2Ffasttrack%2Fvote
in /vagrant/protected/models/Weixin.php (330)
in /vagrant/protected/controllers/WeixinController.php (100)
in /vagrant/index.php (19)
2016/07/26 17:43:34 [error] [exception.CHttpException.404] exception 'CHttpException' with message '无法解析请求 "vstyle/fasttrack/js/maps/swiper.min.js.map"。' in /vagrant/protected/framework/web/CWebApplication.php:286
Stack trace:
#0 /vagrant/protected/framework/web/CWebApplication.php(141): CWebApplication->runController('vstyle/fasttrac...')
#1 /vagrant/protected/framework/base/CApplication.php(169): CWebApplication->processRequest()
#2 /vagrant/index.php(19): CApplication->run()
#3 {main}
REQUEST_URI=/vstyle/fasttrack/js/maps/swiper.min.js.map
---
2016/07/26 17:43:36 [error] [php] file_get_contents(upload/time.txt): failed to open stream: No such file or directory (/vagrant/protected/models/Weixin.php:330)
Stack trace:
#0 unknown(0): WeixinController->actionJssdk()
#1 /vagrant/protected/framework/web/actions/CAction.php(108): ReflectionMethod->invokeArgs()
#2 /vagrant/protected/framework/web/actions/CInlineAction.php(47): CInlineAction->runWithParamsInternal()
#3 /vagrant/protected/framework/web/CController.php(308): CInlineAction->runWithParams()
#4 /vagrant/protected/framework/web/CController.php(286): WeixinController->runAction()
#5 /vagrant/protected/framework/web/CController.php(265): WeixinController->runActionWithFilters()
#6 /vagrant/protected/framework/web/CWebApplication.php(282): WeixinController->run()
#7 /vagrant/protected/framework/web/CWebApplication.php(141): CWebApplication->runController()
#8 /vagrant/protected/framework/base/CApplication.php(169): CWebApplication->processRequest()
#9 /vagrant/index.php(19): CWebApplication->run()
REQUEST_URI=/weixin/jssdk?url=http%3A%2F%2F192.168.2.6%3A9108%2Ffasttrack%2Fform
in /vagrant/protected/models/Weixin.php (330)
in /vagrant/protected/controllers/WeixinController.php (100)
in /vagrant/index.php (19)
2016/07/26 17:43:42 [error] [php] file_get_contents(upload/time.txt): failed to open stream: No such file or directory (/vagrant/protected/models/Weixin.php:330)
Stack trace:
#0 unknown(0): WeixinController->actionJssdk()
#1 /vagrant/protected/framework/web/actions/CAction.php(108): ReflectionMethod->invokeArgs()
#2 /vagrant/protected/framework/web/actions/CInlineAction.php(47): CInlineAction->runWithParamsInternal()
#3 /vagrant/protected/framework/web/CController.php(308): CInlineAction->runWithParams()
#4 /vagrant/protected/framework/web/CController.php(286): WeixinController->runAction()
#5 /vagrant/protected/framework/web/CController.php(265): WeixinController->runActionWithFilters()
#6 /vagrant/protected/framework/web/CWebApplication.php(282): WeixinController->run()
#7 /vagrant/protected/framework/web/CWebApplication.php(141): CWebApplication->runController()
#8 /vagrant/protected/framework/base/CApplication.php(169): CWebApplication->processRequest()
#9 /vagrant/index.php(19): CWebApplication->run()
REQUEST_URI=/weixin/jssdk?url=http%3A%2F%2F192.168.2.6%3A9108%2Ffasttrack%2Fvote
in /vagrant/protected/models/Weixin.php (330)
in /vagrant/protected/controllers/WeixinController.php (100)
in /vagrant/index.php (19)
2016/07/26 17:43:42 [error] [exception.CHttpException.404] exception 'CHttpException' with message '无法解析请求 "vstyle/fasttrack/js/maps/swiper.min.js.map"。' in /vagrant/protected/framework/web/CWebApplication.php:286
Stack trace:
#0 /vagrant/protected/framework/web/CWebApplication.php(141): CWebApplication->runController('vstyle/fasttrac...')
#1 /vagrant/protected/framework/base/CApplication.php(169): CWebApplication->processRequest()
#2 /vagrant/index.php(19): CApplication->run()
#3 {main}
REQUEST_URI=/vstyle/fasttrack/js/maps/swiper.min.js.map
---
2016/07/26 17:43:45 [error] [php] file_get_contents(upload/time.txt): failed to open stream: No such file or directory (/vagrant/protected/models/Weixin.php:330)
Stack trace:
#0 unknown(0): WeixinController->actionJssdk()
#1 /vagrant/protected/framework/web/actions/CAction.php(108): ReflectionMethod->invokeArgs()
#2 /vagrant/protected/framework/web/actions/CInlineAction.php(47): CInlineAction->runWithParamsInternal()
#3 /vagrant/protected/framework/web/CController.php(308): CInlineAction->runWithParams()
#4 /vagrant/protected/framework/web/CController.php(286): WeixinController->runAction()
#5 /vagrant/protected/framework/web/CController.php(265): WeixinController->runActionWithFilters()
#6 /vagrant/protected/framework/web/CWebApplication.php(282): WeixinController->run()
#7 /vagrant/protected/framework/web/CWebApplication.php(141): CWebApplication->runController()
#8 /vagrant/protected/framework/base/CApplication.php(169): CWebApplication->processRequest()
#9 /vagrant/index.php(19): CWebApplication->run()
REQUEST_URI=/weixin/jssdk?url=http%3A%2F%2F192.168.2.6%3A9108%2Ffasttrack%2Fform
in /vagrant/protected/models/Weixin.php (330)
in /vagrant/protected/controllers/WeixinController.php (100)
in /vagrant/index.php (19)
2016/07/26 17:43:45 [error] [php] file_get_contents(upload/time.txt): failed to open stream: No such file or directory (/vagrant/protected/models/Weixin.php:330)
Stack trace:
#0 unknown(0): WeixinController->actionJssdk()
#1 /vagrant/protected/framework/web/actions/CAction.php(108): ReflectionMethod->invokeArgs()
#2 /vagrant/protected/framework/web/actions/CInlineAction.php(47): CInlineAction->runWithParamsInternal()
#3 /vagrant/protected/framework/web/CController.php(308): CInlineAction->runWithParams()
#4 /vagrant/protected/framework/web/CController.php(286): WeixinController->runAction()
#5 /vagrant/protected/framework/web/CController.php(265): WeixinController->runActionWithFilters()
#6 /vagrant/protected/framework/web/CWebApplication.php(282): WeixinController->run()
#7 /vagrant/protected/framework/web/CWebApplication.php(141): CWebApplication->runController()
#8 /vagrant/protected/framework/base/CApplication.php(169): CWebApplication->processRequest()
#9 /vagrant/index.php(19): CWebApplication->run()
REQUEST_URI=/weixin/jssdk?url=http%3A%2F%2F192.168.2.6%3A9108%2Ffasttrack%2Fform
in /vagrant/protected/models/Weixin.php (330)
in /vagrant/protected/controllers/WeixinController.php (100)
in /vagrant/index.php (19)
2016/07/26 17:45:39 [error] [php] file_get_contents(upload/time.txt): failed to open stream: No such file or directory (/vagrant/protected/models/Weixin.php:330)
Stack trace:
#0 unknown(0): WeixinController->actionJssdk()
#1 /vagrant/protected/framework/web/actions/CAction.php(108): ReflectionMethod->invokeArgs()
#2 /vagrant/protected/framework/web/actions/CInlineAction.php(47): CInlineAction->runWithParamsInternal()
#3 /vagrant/protected/framework/web/CController.php(308): CInlineAction->runWithParams()
#4 /vagrant/protected/framework/web/CController.php(286): WeixinController->runAction()
#5 /vagrant/protected/framework/web/CController.php(265): WeixinController->runActionWithFilters()
#6 /vagrant/protected/framework/web/CWebApplication.php(282): WeixinController->run()
#7 /vagrant/protected/framework/web/CWebApplication.php(141): CWebApplication->runController()
#8 /vagrant/protected/framework/base/CApplication.php(169): CWebApplication->processRequest()
#9 /vagrant/index.php(19): CWebApplication->run()
REQUEST_URI=/weixin/jssdk?url=http%3A%2F%2F192.168.2.6%3A9108%2Ffasttrack%2Fform
in /vagrant/protected/models/Weixin.php (330)
in /vagrant/protected/controllers/WeixinController.php (100)
in /vagrant/index.php (19)
2016/07/26 17:45:39 [error] [php] file_get_contents(upload/time.txt): failed to open stream: No such file or directory (/vagrant/protected/models/Weixin.php:330)
Stack trace:
#0 unknown(0): WeixinController->actionJssdk()
#1 /vagrant/protected/framework/web/actions/CAction.php(108): ReflectionMethod->invokeArgs()
#2 /vagrant/protected/framework/web/actions/CInlineAction.php(47): CInlineAction->runWithParamsInternal()
#3 /vagrant/protected/framework/web/CController.php(308): CInlineAction->runWithParams()
#4 /vagrant/protected/framework/web/CController.php(286): WeixinController->runAction()
#5 /vagrant/protected/framework/web/CController.php(265): WeixinController->runActionWithFilters()
#6 /vagrant/protected/framework/web/CWebApplication.php(282): WeixinController->run()
#7 /vagrant/protected/framework/web/CWebApplication.php(141): CWebApplication->runController()
#8 /vagrant/protected/framework/base/CApplication.php(169): CWebApplication->processRequest()
#9 /vagrant/index.php(19): CWebApplication->run()
REQUEST_URI=/weixin/jssdk?url=http%3A%2F%2F192.168.2.6%3A9108%2Ffasttrack%2Fform
in /vagrant/protected/models/Weixin.php (330)
in /vagrant/protected/controllers/WeixinController.php (100)
in /vagrant/index.php (19)
2016/07/26 17:45:50 [error] [php] file_get_contents(upload/time.txt): failed to open stream: No such file or directory (/vagrant/protected/models/Weixin.php:330)
Stack trace:
#0 unknown(0): WeixinController->actionJssdk()
#1 /vagrant/protected/framework/web/actions/CAction.php(108): ReflectionMethod->invokeArgs()
#2 /vagrant/protected/framework/web/actions/CInlineAction.php(47): CInlineAction->runWithParamsInternal()
#3 /vagrant/protected/framework/web/CController.php(308): CInlineAction->runWithParams()
#4 /vagrant/protected/framework/web/CController.php(286): WeixinController->runAction()
#5 /vagrant/protected/framework/web/CController.php(265): WeixinController->runActionWithFilters()
#6 /vagrant/protected/framework/web/CWebApplication.php(282): WeixinController->run()
#7 /vagrant/protected/framework/web/CWebApplication.php(141): CWebApplication->runController()
#8 /vagrant/protected/framework/base/CApplication.php(169): CWebApplication->processRequest()
#9 /vagrant/index.php(19): CWebApplication->run()
REQUEST_URI=/weixin/jssdk?url=http%3A%2F%2F192.168.2.6%3A9108%2Ffasttrack%2Fform
in /vagrant/protected/models/Weixin.php (330)
in /vagrant/protected/controllers/WeixinController.php (100)
in /vagrant/index.php (19)
2016/07/26 17:45:50 [error] [php] file_get_contents(upload/time.txt): failed to open stream: No such file or directory (/vagrant/protected/models/Weixin.php:330)
Stack trace:
#0 unknown(0): WeixinController->actionJssdk()
#1 /vagrant/protected/framework/web/actions/CAction.php(108): ReflectionMethod->invokeArgs()
#2 /vagrant/protected/framework/web/actions/CInlineAction.php(47): CInlineAction->runWithParamsInternal()
#3 /vagrant/protected/framework/web/CController.php(308): CInlineAction->runWithParams()
#4 /vagrant/protected/framework/web/CController.php(286): WeixinController->runAction()
#5 /vagrant/protected/framework/web/CController.php(265): WeixinController->runActionWithFilters()
#6 /vagrant/protected/framework/web/CWebApplication.php(282): WeixinController->run()
#7 /vagrant/protected/framework/web/CWebApplication.php(141): CWebApplication->runController()
#8 /vagrant/protected/framework/base/CApplication.php(169): CWebApplication->processRequest()
#9 /vagrant/index.php(19): CWebApplication->run()
REQUEST_URI=/weixin/jssdk?url=http%3A%2F%2F192.168.2.6%3A9108%2Ffasttrack%2Fform
in /vagrant/protected/models/Weixin.php (330)
in /vagrant/protected/controllers/WeixinController.php (100)
in /vagrant/index.php (19)
2016/07/26 17:45:55 [error] [php] file_get_contents(upload/time.txt): failed to open stream: No such file or directory (/vagrant/protected/models/Weixin.php:330)
Stack trace:
#0 unknown(0): WeixinController->actionJssdk()
#1 /vagrant/protected/framework/web/actions/CAction.php(108): ReflectionMethod->invokeArgs()
#2 /vagrant/protected/framework/web/actions/CInlineAction.php(47): CInlineAction->runWithParamsInternal()
#3 /vagrant/protected/framework/web/CController.php(308): CInlineAction->runWithParams()
#4 /vagrant/protected/framework/web/CController.php(286): WeixinController->runAction()
#5 /vagrant/protected/framework/web/CController.php(265): WeixinController->runActionWithFilters()
#6 /vagrant/protected/framework/web/CWebApplication.php(282): WeixinController->run()
#7 /vagrant/protected/framework/web/CWebApplication.php(141): CWebApplication->runController()
#8 /vagrant/protected/framework/base/CApplication.php(169): CWebApplication->processRequest()
#9 /vagrant/index.php(19): CWebApplication->run()
REQUEST_URI=/weixin/jssdk?url=http%3A%2F%2F192.168.2.6%3A9108%2Ffasttrack%2Fvote
in /vagrant/protected/models/Weixin.php (330)
in /vagrant/protected/controllers/WeixinController.php (100)
in /vagrant/index.php (19)
2016/07/26 17:45:55 [error] [exception.CHttpException.404] exception 'CHttpException' with message '无法解析请求 "vstyle/fasttrack/js/maps/swiper.min.js.map"。' in /vagrant/protected/framework/web/CWebApplication.php:286
Stack trace:
#0 /vagrant/protected/framework/web/CWebApplication.php(141): CWebApplication->runController('vstyle/fasttrac...')
#1 /vagrant/protected/framework/base/CApplication.php(169): CWebApplication->processRequest()
#2 /vagrant/index.php(19): CApplication->run()
#3 {main}
REQUEST_URI=/vstyle/fasttrack/js/maps/swiper.min.js.map
---
2016/07/26 17:45:58 [error] [php] file_get_contents(upload/time.txt): failed to open stream: No such file or directory (/vagrant/protected/models/Weixin.php:330)
Stack trace:
#0 unknown(0): WeixinController->actionJssdk()
#1 /vagrant/protected/framework/web/actions/CAction.php(108): ReflectionMethod->invokeArgs()
#2 /vagrant/protected/framework/web/actions/CInlineAction.php(47): CInlineAction->runWithParamsInternal()
#3 /vagrant/protected/framework/web/CController.php(308): CInlineAction->runWithParams()
#4 /vagrant/protected/framework/web/CController.php(286): WeixinController->runAction()
#5 /vagrant/protected/framework/web/CController.php(265): WeixinController->runActionWithFilters()
#6 /vagrant/protected/framework/web/CWebApplication.php(282): WeixinController->run()
#7 /vagrant/protected/framework/web/CWebApplication.php(141): CWebApplication->runController()
#8 /vagrant/protected/framework/base/CApplication.php(169): CWebApplication->processRequest()
#9 /vagrant/index.php(19): CWebApplication->run()
REQUEST_URI=/weixin/jssdk?url=http%3A%2F%2F192.168.2.6%3A9108%2Ffasttrack%2Fform
in /vagrant/protected/models/Weixin.php (330)
in /vagrant/protected/controllers/WeixinController.php (100)
in /vagrant/index.php (19)
2016/07/26 17:45:59 [error] [php] file_get_contents(upload/time.txt): failed to open stream: No such file or directory (/vagrant/protected/models/Weixin.php:330)
Stack trace:
#0 unknown(0): WeixinController->actionJssdk()
#1 /vagrant/protected/framework/web/actions/CAction.php(108): ReflectionMethod->invokeArgs()
#2 /vagrant/protected/framework/web/actions/CInlineAction.php(47): CInlineAction->runWithParamsInternal()
#3 /vagrant/protected/framework/web/CController.php(308): CInlineAction->runWithParams()
#4 /vagrant/protected/framework/web/CController.php(286): WeixinController->runAction()
#5 /vagrant/protected/framework/web/CController.php(265): WeixinController->runActionWithFilters()
#6 /vagrant/protected/framework/web/CWebApplication.php(282): WeixinController->run()
#7 /vagrant/protected/framework/web/CWebApplication.php(141): CWebApplication->runController()
#8 /vagrant/protected/framework/base/CApplication.php(169): CWebApplication->processRequest()
#9 /vagrant/index.php(19): CWebApplication->run()
REQUEST_URI=/weixin/jssdk?url=http%3A%2F%2F192.168.2.6%3A9108%2Ffasttrack%2Fform
in /vagrant/protected/models/Weixin.php (330)
in /vagrant/protected/controllers/WeixinController.php (100)
in /vagrant/index.php (19)
2016/07/26 17:46:03 [error] [php] file_get_contents(upload/time.txt): failed to open stream: No such file or directory (/vagrant/protected/models/Weixin.php:330)
Stack trace:
#0 unknown(0): WeixinController->actionJssdk()
#1 /vagrant/protected/framework/web/actions/CAction.php(108): ReflectionMethod->invokeArgs()
#2 /vagrant/protected/framework/web/actions/CInlineAction.php(47): CInlineAction->runWithParamsInternal()
#3 /vagrant/protected/framework/web/CController.php(308): CInlineAction->runWithParams()
#4 /vagrant/protected/framework/web/CController.php(286): WeixinController->runAction()
#5 /vagrant/protected/framework/web/CController.php(265): WeixinController->runActionWithFilters()
#6 /vagrant/protected/framework/web/CWebApplication.php(282): WeixinController->run()
#7 /vagrant/protected/framework/web/CWebApplication.php(141): CWebApplication->runController()
#8 /vagrant/protected/framework/base/CApplication.php(169): CWebApplication->processRequest()
#9 /vagrant/index.php(19): CWebApplication->run()
REQUEST_URI=/weixin/jssdk?url=http%3A%2F%2F192.168.2.6%3A9108%2Ffasttrack%2Fvote
in /vagrant/protected/models/Weixin.php (330)
in /vagrant/protected/controllers/WeixinController.php (100)
in /vagrant/index.php (19)
2016/07/26 17:46:03 [error] [exception.CHttpException.404] exception 'CHttpException' with message '无法解析请求 "vstyle/fasttrack/js/maps/swiper.min.js.map"。' in /vagrant/protected/framework/web/CWebApplication.php:286
Stack trace:
#0 /vagrant/protected/framework/web/CWebApplication.php(141): CWebApplication->runController('vstyle/fasttrac...')
#1 /vagrant/protected/framework/base/CApplication.php(169): CWebApplication->processRequest()
#2 /vagrant/index.php(19): CApplication->run()
#3 {main}
REQUEST_URI=/vstyle/fasttrack/js/maps/swiper.min.js.map
---
2016/07/26 17:46:06 [error] [php] file_get_contents(upload/time.txt): failed to open stream: No such file or directory (/vagrant/protected/models/Weixin.php:330)
Stack trace:
#0 unknown(0): WeixinController->actionJssdk()
#1 /vagrant/protected/framework/web/actions/CAction.php(108): ReflectionMethod->invokeArgs()
#2 /vagrant/protected/framework/web/actions/CInlineAction.php(47): CInlineAction->runWithParamsInternal()
#3 /vagrant/protected/framework/web/CController.php(308): CInlineAction->runWithParams()
#4 /vagrant/protected/framework/web/CController.php(286): WeixinController->runAction()
#5 /vagrant/protected/framework/web/CController.php(265): WeixinController->runActionWithFilters()
#6 /vagrant/protected/framework/web/CWebApplication.php(282): WeixinController->run()
#7 /vagrant/protected/framework/web/CWebApplication.php(141): CWebApplication->runController()
#8 /vagrant/protected/framework/base/CApplication.php(169): CWebApplication->processRequest()
#9 /vagrant/index.php(19): CWebApplication->run()
REQUEST_URI=/weixin/jssdk?url=http%3A%2F%2F192.168.2.6%3A9108%2Ffasttrack%2Fform
in /vagrant/protected/models/Weixin.php (330)
in /vagrant/protected/controllers/WeixinController.php (100)
in /vagrant/index.php (19)
2016/07/26 17:46:07 [error] [php] file_get_contents(upload/time.txt): failed to open stream: No such file or directory (/vagrant/protected/models/Weixin.php:330)
Stack trace:
#0 unknown(0): WeixinController->actionJssdk()
#1 /vagrant/protected/framework/web/actions/CAction.php(108): ReflectionMethod->invokeArgs()
#2 /vagrant/protected/framework/web/actions/CInlineAction.php(47): CInlineAction->runWithParamsInternal()
#3 /vagrant/protected/framework/web/CController.php(308): CInlineAction->runWithParams()
#4 /vagrant/protected/framework/web/CController.php(286): WeixinController->runAction()
#5 /vagrant/protected/framework/web/CController.php(265): WeixinController->runActionWithFilters()
#6 /vagrant/protected/framework/web/CWebApplication.php(282): WeixinController->run()
#7 /vagrant/protected/framework/web/CWebApplication.php(141): CWebApplication->runController()
#8 /vagrant/protected/framework/base/CApplication.php(169): CWebApplication->processRequest()
#9 /vagrant/index.php(19): CWebApplication->run()
REQUEST_URI=/weixin/jssdk?url=http%3A%2F%2F192.168.2.6%3A9108%2Ffasttrack%2Fform
in /vagrant/protected/models/Weixin.php (330)
in /vagrant/protected/controllers/WeixinController.php (100)
in /vagrant/index.php (19)
2016/07/26 17:46:37 [error] [php] file_get_contents(upload/time.txt): failed to open stream: No such file or directory (/vagrant/protected/models/Weixin.php:330)
Stack trace:
#0 unknown(0): WeixinController->actionJssdk()
#1 /vagrant/protected/framework/web/actions/CAction.php(108): ReflectionMethod->invokeArgs()
#2 /vagrant/protected/framework/web/actions/CInlineAction.php(47): CInlineAction->runWithParamsInternal()
#3 /vagrant/protected/framework/web/CController.php(308): CInlineAction->runWithParams()
#4 /vagrant/protected/framework/web/CController.php(286): WeixinController->runAction()
#5 /vagrant/protected/framework/web/CController.php(265): WeixinController->runActionWithFilters()
#6 /vagrant/protected/framework/web/CWebApplication.php(282): WeixinController->run()
#7 /vagrant/protected/framework/web/CWebApplication.php(141): CWebApplication->runController()
#8 /vagrant/protected/framework/base/CApplication.php(169): CWebApplication->processRequest()
#9 /vagrant/index.php(19): CWebApplication->run()
REQUEST_URI=/weixin/jssdk?url=http%3A%2F%2F192.168.2.6%3A9108%2Ffasttrack%2Fform
in /vagrant/protected/models/Weixin.php (330)
in /vagrant/protected/controllers/WeixinController.php (100)
in /vagrant/index.php (19)
2016/07/26 17:46:37 [error] [php] file_get_contents(upload/time.txt): failed to open stream: No such file or directory (/vagrant/protected/models/Weixin.php:330)
Stack trace:
#0 unknown(0): WeixinController->actionJssdk()
#1 /vagrant/protected/framework/web/actions/CAction.php(108): ReflectionMethod->invokeArgs()
#2 /vagrant/protected/framework/web/actions/CInlineAction.php(47): CInlineAction->runWithParamsInternal()
#3 /vagrant/protected/framework/web/CController.php(308): CInlineAction->runWithParams()
#4 /vagrant/protected/framework/web/CController.php(286): WeixinController->runAction()
#5 /vagrant/protected/framework/web/CController.php(265): WeixinController->runActionWithFilters()
#6 /vagrant/protected/framework/web/CWebApplication.php(282): WeixinController->run()
#7 /vagrant/protected/framework/web/CWebApplication.php(141): CWebApplication->runController()
#8 /vagrant/protected/framework/base/CApplication.php(169): CWebApplication->processRequest()
#9 /vagrant/index.php(19): CWebApplication->run()
REQUEST_URI=/weixin/jssdk?url=http%3A%2F%2F192.168.2.6%3A9108%2Ffasttrack%2Fform
in /vagrant/protected/models/Weixin.php (330)
in /vagrant/protected/controllers/WeixinController.php (100)
in /vagrant/index.php (19)
2016/07/26 17:46:40 [error] [php] file_get_contents(upload/time.txt): failed to open stream: No such file or directory (/vagrant/protected/models/Weixin.php:330)
Stack trace:
#0 unknown(0): WeixinController->actionJssdk()
#1 /vagrant/protected/framework/web/actions/CAction.php(108): ReflectionMethod->invokeArgs()
#2 /vagrant/protected/framework/web/actions/CInlineAction.php(47): CInlineAction->runWithParamsInternal()
#3 /vagrant/protected/framework/web/CController.php(308): CInlineAction->runWithParams()
#4 /vagrant/protected/framework/web/CController.php(286): WeixinController->runAction()
#5 /vagrant/protected/framework/web/CController.php(265): WeixinController->runActionWithFilters()
#6 /vagrant/protected/framework/web/CWebApplication.php(282): WeixinController->run()
#7 /vagrant/protected/framework/web/CWebApplication.php(141): CWebApplication->runController()
#8 /vagrant/protected/framework/base/CApplication.php(169): CWebApplication->processRequest()
#9 /vagrant/index.php(19): CWebApplication->run()
REQUEST_URI=/weixin/jssdk?url=http%3A%2F%2F192.168.2.6%3A9108%2Ffasttrack%2Fvote
in /vagrant/protected/models/Weixin.php (330)
in /vagrant/protected/controllers/WeixinController.php (100)
in /vagrant/index.php (19)
2016/07/26 17:46:41 [error] [php] file_get_contents(upload/time.txt): failed to open stream: No such file or directory (/vagrant/protected/models/Weixin.php:330)
Stack trace:
#0 unknown(0): WeixinController->actionJssdk()
#1 /vagrant/protected/framework/web/actions/CAction.php(108): ReflectionMethod->invokeArgs()
#2 /vagrant/protected/framework/web/actions/CInlineAction.php(47): CInlineAction->runWithParamsInternal()
#3 /vagrant/protected/framework/web/CController.php(308): CInlineAction->runWithParams()
#4 /vagrant/protected/framework/web/CController.php(286): WeixinController->runAction()
#5 /vagrant/protected/framework/web/CController.php(265): WeixinController->runActionWithFilters()
#6 /vagrant/protected/framework/web/CWebApplication.php(282): WeixinController->run()
#7 /vagrant/protected/framework/web/CWebApplication.php(141): CWebApplication->runController()
#8 /vagrant/protected/framework/base/CApplication.php(169): CWebApplication->processRequest()
#9 /vagrant/index.php(19): CWebApplication->run()
REQUEST_URI=/weixin/jssdk?url=http%3A%2F%2F192.168.2.6%3A9108%2Ffasttrack%2Fvote
in /vagrant/protected/models/Weixin.php (330)
in /vagrant/protected/controllers/WeixinController.php (100)
in /vagrant/index.php (19)
2016/07/26 17:46:41 [error] [exception.CHttpException.404] exception 'CHttpException' with message '无法解析请求 "vstyle/fasttrack/js/maps/swiper.min.js.map"。' in /vagrant/protected/framework/web/CWebApplication.php:286
Stack trace:
#0 /vagrant/protected/framework/web/CWebApplication.php(141): CWebApplication->runController('vstyle/fasttrac...')
#1 /vagrant/protected/framework/base/CApplication.php(169): CWebApplication->processRequest()
#2 /vagrant/index.php(19): CApplication->run()
#3 {main}
REQUEST_URI=/vstyle/fasttrack/js/maps/swiper.min.js.map
---
2016/07/26 17:46:43 [error] [php] file_get_contents(upload/time.txt): failed to open stream: No such file or directory (/vagrant/protected/models/Weixin.php:330)
Stack trace:
#0 unknown(0): WeixinController->actionJssdk()
#1 /vagrant/protected/framework/web/actions/CAction.php(108): ReflectionMethod->invokeArgs()
#2 /vagrant/protected/framework/web/actions/CInlineAction.php(47): CInlineAction->runWithParamsInternal()
#3 /vagrant/protected/framework/web/CController.php(308): CInlineAction->runWithParams()
#4 /vagrant/protected/framework/web/CController.php(286): WeixinController->runAction()
#5 /vagrant/protected/framework/web/CController.php(265): WeixinController->runActionWithFilters()
#6 /vagrant/protected/framework/web/CWebApplication.php(282): WeixinController->run()
#7 /vagrant/protected/framework/web/CWebApplication.php(141): CWebApplication->runController()
#8 /vagrant/protected/framework/base/CApplication.php(169): CWebApplication->processRequest()
#9 /vagrant/index.php(19): CWebApplication->run()
REQUEST_URI=/weixin/jssdk?url=http%3A%2F%2F192.168.2.6%3A9108%2Ffasttrack%2Fform
in /vagrant/protected/models/Weixin.php (330)
in /vagrant/protected/controllers/WeixinController.php (100)
in /vagrant/index.php (19)
2016/07/26 17:46:44 [error] [php] file_get_contents(upload/time.txt): failed to open stream: No such file or directory (/vagrant/protected/models/Weixin.php:330)
Stack trace:
#0 unknown(0): WeixinController->actionJssdk()
#1 /vagrant/protected/framework/web/actions/CAction.php(108): ReflectionMethod->invokeArgs()
#2 /vagrant/protected/framework/web/actions/CInlineAction.php(47): CInlineAction->runWithParamsInternal()
#3 /vagrant/protected/framework/web/CController.php(308): CInlineAction->runWithParams()
#4 /vagrant/protected/framework/web/CController.php(286): WeixinController->runAction()
#5 /vagrant/protected/framework/web/CController.php(265): WeixinController->runActionWithFilters()
#6 /vagrant/protected/framework/web/CWebApplication.php(282): WeixinController->run()
#7 /vagrant/protected/framework/web/CWebApplication.php(141): CWebApplication->runController()
#8 /vagrant/protected/framework/base/CApplication.php(169): CWebApplication->processRequest()
#9 /vagrant/index.php(19): CWebApplication->run()
REQUEST_URI=/weixin/jssdk?url=http%3A%2F%2F192.168.2.6%3A9108%2Ffasttrack%2Fform
in /vagrant/protected/models/Weixin.php (330)
in /vagrant/protected/controllers/WeixinController.php (100)
in /vagrant/index.php (19)
2016/07/27 14:45:06 [error] [php] file_get_contents(upload/time.txt): failed to open stream: No such file or directory (/vagrant/protected/models/Weixin.php:330)
Stack trace:
#0 unknown(0): WeixinController->actionJssdk()
#1 /vagrant/protected/framework/web/actions/CAction.php(108): ReflectionMethod->invokeArgs()
#2 /vagrant/protected/framework/web/actions/CInlineAction.php(47): CInlineAction->runWithParamsInternal()
#3 /vagrant/protected/framework/web/CController.php(308): CInlineAction->runWithParams()
#4 /vagrant/protected/framework/web/CController.php(286): WeixinController->runAction()
#5 /vagrant/protected/framework/web/CController.php(265): WeixinController->runActionWithFilters()
#6 /vagrant/protected/framework/web/CWebApplication.php(282): WeixinController->run()
#7 /vagrant/protected/framework/web/CWebApplication.php(141): CWebApplication->runController()
#8 /vagrant/protected/framework/base/CApplication.php(169): CWebApplication->processRequest()
#9 /vagrant/index.php(19): CWebApplication->run()
REQUEST_URI=/weixin/jssdk?url=http%3A%2F%2F192.168.2.6%3A9108%2Ffasttrack
in /vagrant/protected/models/Weixin.php (330)
in /vagrant/protected/controllers/WeixinController.php (100)
in /vagrant/index.php (19)
2016/07/27 14:45:07 [error] [exception.CHttpException.404] exception 'CHttpException' with message '无法解析请求 "vstyle/fasttrack/js/maps/swiper.min.js.map"。' in /vagrant/protected/framework/web/CWebApplication.php:286
Stack trace:
#0 /vagrant/protected/framework/web/CWebApplication.php(141): CWebApplication->runController('vstyle/fasttrac...')
#1 /vagrant/protected/framework/base/CApplication.php(169): CWebApplication->processRequest()
#2 /vagrant/index.php(19): CApplication->run()
#3 {main}
REQUEST_URI=/vstyle/fasttrack/js/maps/swiper.min.js.map
---
2016/07/27 14:45:08 [error] [php] file_get_contents(upload/time.txt): failed to open stream: No such file or directory (/vagrant/protected/models/Weixin.php:330)
Stack trace:
#0 unknown(0): WeixinController->actionJssdk()
#1 /vagrant/protected/framework/web/actions/CAction.php(108): ReflectionMethod->invokeArgs()
#2 /vagrant/protected/framework/web/actions/CInlineAction.php(47): CInlineAction->runWithParamsInternal()
#3 /vagrant/protected/framework/web/CController.php(308): CInlineAction->runWithParams()
#4 /vagrant/protected/framework/web/CController.php(286): WeixinController->runAction()
#5 /vagrant/protected/framework/web/CController.php(265): WeixinController->runActionWithFilters()
#6 /vagrant/protected/framework/web/CWebApplication.php(282): WeixinController->run()
#7 /vagrant/protected/framework/web/CWebApplication.php(141): CWebApplication->runController()
#8 /vagrant/protected/framework/base/CApplication.php(169): CWebApplication->processRequest()
#9 /vagrant/index.php(19): CWebApplication->run()
REQUEST_URI=/weixin/jssdk?url=http%3A%2F%2F192.168.2.6%3A9108%2Ffasttrack
in /vagrant/protected/models/Weixin.php (330)
in /vagrant/protected/controllers/WeixinController.php (100)
in /vagrant/index.php (19)
2016/07/27 14:45:08 [error] [exception.CHttpException.404] exception 'CHttpException' with message '无法解析请求 "vstyle/fasttrack/js/maps/swiper.min.js.map"。' in /vagrant/protected/framework/web/CWebApplication.php:286
Stack trace:
#0 /vagrant/protected/framework/web/CWebApplication.php(141): CWebApplication->runController('vstyle/fasttrac...')
#1 /vagrant/protected/framework/base/CApplication.php(169): CWebApplication->processRequest()
#2 /vagrant/index.php(19): CApplication->run()
#3 {main}
REQUEST_URI=/vstyle/fasttrack/js/maps/swiper.min.js.map
---
2016/07/27 14:45:16 [error] [php] file_get_contents(upload/time.txt): failed to open stream: No such file or directory (/vagrant/protected/models/Weixin.php:330)
Stack trace:
#0 unknown(0): WeixinController->actionJssdk()
#1 /vagrant/protected/framework/web/actions/CAction.php(108): ReflectionMethod->invokeArgs()
#2 /vagrant/protected/framework/web/actions/CInlineAction.php(47): CInlineAction->runWithParamsInternal()
#3 /vagrant/protected/framework/web/CController.php(308): CInlineAction->runWithParams()
#4 /vagrant/protected/framework/web/CController.php(286): WeixinController->runAction()
#5 /vagrant/protected/framework/web/CController.php(265): WeixinController->runActionWithFilters()
#6 /vagrant/protected/framework/web/CWebApplication.php(282): WeixinController->run()
#7 /vagrant/protected/framework/web/CWebApplication.php(141): CWebApplication->runController()
#8 /vagrant/protected/framework/base/CApplication.php(169): CWebApplication->processRequest()
#9 /vagrant/index.php(19): CWebApplication->run()
REQUEST_URI=/weixin/jssdk?url=http%3A%2F%2F192.168.2.6%3A9108%2Ffasttrack%2Fpro
in /vagrant/protected/models/Weixin.php (330)
in /vagrant/protected/controllers/WeixinController.php (100)
in /vagrant/index.php (19)
2016/07/27 14:45:16 [error] [exception.CHttpException.404] exception 'CHttpException' with message '无法解析请求 "vstyle/fasttrack/js/maps/swiper.min.js.map"。' in /vagrant/protected/framework/web/CWebApplication.php:286
Stack trace:
#0 /vagrant/protected/framework/web/CWebApplication.php(141): CWebApplication->runController('vstyle/fasttrac...')
#1 /vagrant/protected/framework/base/CApplication.php(169): CWebApplication->processRequest()
#2 /vagrant/index.php(19): CApplication->run()
#3 {main}
REQUEST_URI=/vstyle/fasttrack/js/maps/swiper.min.js.map
---
